make.exe --dry-run --always-make --keep-going --print-directory
make: Entering directory 'c:/Users/jimmy/source/repos/LakeShooter'
 
process_begin: CreateProcess(NULL, which wasm-opt, ...) failed.
makefile:39: pipe: No error
 
if not exist build (mkdir build)
clang -c src/bullets.c -o build/bullets.o -std=c99  -nostdlib --target=wasm32 -W -Wall -Wextra -Werror -Wno-unused -MMD -MP -DNDEBUG -Oz -flto
 
if not exist build (mkdir build)
clang -c src/fuel.c -o build/fuel.o -std=c99  -nostdlib --target=wasm32 -W -Wall -Wextra -Werror -Wno-unused -MMD -MP -DNDEBUG -Oz -flto
 
if not exist build (mkdir build)
clang -c src/game.c -o build/game.o -std=c99  -nostdlib --target=wasm32 -W -Wall -Wextra -Werror -Wno-unused -MMD -MP -DNDEBUG -Oz -flto
 
if not exist build (mkdir build)
clang -c src/gameobject.c -o build/gameobject.o -std=c99  -nostdlib --target=wasm32 -W -Wall -Wextra -Werror -Wno-unused -MMD -MP -DNDEBUG -Oz -flto
 
if not exist build (mkdir build)
clang -c src/global.c -o build/global.o -std=c99  -nostdlib --target=wasm32 -W -Wall -Wextra -Werror -Wno-unused -MMD -MP -DNDEBUG -Oz -flto
 
if not exist build (mkdir build)
clang -c src/input.c -o build/input.o -std=c99  -nostdlib --target=wasm32 -W -Wall -Wextra -Werror -Wno-unused -MMD -MP -DNDEBUG -Oz -flto
 
if not exist build (mkdir build)
clang -c src/main.c -o build/main.o -std=c99  -nostdlib --target=wasm32 -W -Wall -Wextra -Werror -Wno-unused -MMD -MP -DNDEBUG -Oz -flto
 
if not exist build (mkdir build)
clang -c src/playarea.c -o build/playarea.o -std=c99  -nostdlib --target=wasm32 -W -Wall -Wextra -Werror -Wno-unused -MMD -MP -DNDEBUG -Oz -flto
 
if not exist build (mkdir build)
clang -c src/ship.c -o build/ship.o -std=c99  -nostdlib --target=wasm32 -W -Wall -Wextra -Werror -Wno-unused -MMD -MP -DNDEBUG -Oz -flto
 
if not exist build (mkdir build)
clang -c src/sound.c -o build/sound.o -std=c99  -nostdlib --target=wasm32 -W -Wall -Wextra -Werror -Wno-unused -MMD -MP -DNDEBUG -Oz -flto
 
if not exist build (mkdir build)
clang -c src/utils.c -o build/utils.o -std=c99  -nostdlib --target=wasm32 -W -Wall -Wextra -Werror -Wno-unused -MMD -MP -DNDEBUG -Oz -flto
 
wasm-ld -o build/cart.wasm  build/bullets.o  build/fuel.o  build/game.o  build/gameobject.o  build/global.o  build/input.o  build/main.o  build/playarea.o  build/ship.o  build/sound.o  build/utils.o --no-entry --import-memory --initial-memory=65536 --max-memory=65536 --global-base=6560 -zstack-size=1024 --strip-all --export-dynamic --gc-sections --lto-O3 -O3
echo Tip: wasm-opt was not found. Install it from binaryen for smaller builds!
make: Leaving directory 'c:/Users/jimmy/source/repos/LakeShooter'
 
