make.exe all --print-data-base --no-builtin-variables --no-builtin-rules --question
# GNU Make 4.3
This program is built by Equation Solution <http://www.Equation.com>.
# Copyright (C) 1988-2020 Free Software Foundation, Inc.
# License GPLv3+: GNU GPL version 3 or later <http://gnu.org/licenses/gpl.html>
# This is free software: you are free to change and redistribute it.
# There is NO WARRANTY, to the extent permitted by law.

# Make data base, printed on Wed Sep 01 10:07:04 2021

# Variables

# environment
SYSTEMDRIVE = C:
# environment
LC_ALL = C
# environment
OCULUSBASE = C:\Program Files\Oculus\
# environment
USERPROFILE = C:\Users\jimmy
# environment
LOCALAPPDATA = C:\Users\jimmy\AppData\Local
# environment
VSCODE_IPC_HOOK_EXTHOST = \\.\pipe\vscode-ipc-4ba775f9-1522-41f8-a679-411e3ad8a126-sock
# environment
VSCODE_CWD = C:\Program Files\Microsoft VS Code
# environment
SYSTEMROOT = C:\WINDOWS
# environment
PROCESSOR_LEVEL = 23
# environment
PSMODULEPATH = C:\Program Files\WindowsPowerShell\Modules;C:\WINDOWS\system32\WindowsPowerShell\v1.0\Modules
# default
MAKE_COMMAND := make.exe
# automatic
@D = $(patsubst %/,%,$(patsubst %\,%,$(dir $@)))
# environment
CHROME_CRASHPAD_PIPE_NAME = \\.\pipe\crashpad_12092_WMKAUIFPMOSWVPLF
# environment
VSCODE_BROWSER_CODE_LOADING = bypassHeatCheck
# environment
VSCODE_HANDLES_UNCAUGHT_ERRORS = true
# default
.VARIABLES := 
# automatic
%D = $(patsubst %/,%,$(patsubst %\,%,$(dir $%)))
# automatic
^D = $(patsubst %/,%,$(patsubst %\,%,$(dir $^)))
# environment
VSCODE_LOG_STACK = false
# automatic
%F = $(notdir $%)
# environment
VSCODE_CODE_CACHE_PATH = C:\Users\jimmy\AppData\Roaming\Code\CachedData\3866c3553be8b268c8a7f8c0482c0c0177aa8bfa
# environment
LANG = C
# default
.LOADED := 
# environment
TMP = C:\Users\jimmy\AppData\Local\Temp
# environment
CONFIGSETROOT = C:\WINDOWS\ConfigSetRoot
# makefile
MAKEFLAGS = pqrR
# environment
ONEDRIVE = C:\Users\jimmy\OneDrive
# makefile
CURDIR := c:/Users/jimmy/source/repos/LakeShooter
# environment
VSCODE_PIPE_LOGGING = true
# makefile (from 'makefile', line 4)
WASM_OPT = wasm-opt
# environment
APPLICATION_INSIGHTS_NO_DIAGNOSTIC_CHANNEL = true
# automatic
*D = $(patsubst %/,%,$(patsubst %\,%,$(dir $*)))
# environment
PROGRAMFILES = C:\Program Files
# environment
MFLAGS = -pqrR
# default
.SHELLFLAGS := -c
# environment
COMMONPROGRAMW6432 = C:\Program Files\Common Files
# automatic
+D = $(patsubst %/,%,$(patsubst %\,%,$(dir $+)))
# makefile (from 'makefile', lin 
e 1)
MAKEFILE_LIST := Makefile
# automatic
@F = $(notdir $@)
# environment
VSCODE_VERBOSE_LOGGING = true
# environment
VSCODE_PID = 12092
# automatic
?D = $(patsubst %/,%,$(patsubst %\,%,$(dir $?)))
# automatic
*F = $(notdir $*)
# automatic
<D = $(patsubst %/,%,$(patsubst %\,%,$(dir $<)))
# environment
VSCODE_NLS_CONFIG = {"locale":"en-us","availableLanguages":{},"_languagePackSupport":true}
# environment
ONEDRIVECONSUMER = C:\Users\jimmy\OneDrive
# default
MAKE_HOST := x86_64-w64-mingw32
# environment
PROGRAMDATA = C:\ProgramData
# default
SHELL := sh.exe
# environment
HOMEPATH = \Users\jimmy
# default
MAKECMDGOALS := all
# environment
DRIVERDATA = C:\Windows\System32\Drivers\DriverData
# environment
COMSPEC = C:\WINDOWS\system32\cmd.exe
# environment
WINDIR = C:\WINDOWS
# environment
MAKELEVEL := 0
# default
MAKE = $(MAKE_COMMAND)
# environment
PATH = C:\Program Files\Python38\Scripts\;C:\Program Files\Python38\;C:\Program Files (x86)\Python39-32\Scripts\;C:\Program Files (x86)\Python39-32\;C:\Program Files\Python39\Scripts\;C:\Program Files\Python39\;C:\Program Files\Oculus\Support\oculus-runtime;C:\windows\system32;C:\windows;C:\windows\System32\Wbem;C:\windows\System32\WindowsPowerShell\v1.0\;C:\windows\System32\OpenSSH\;C:\Program Files (x86)\NVIDIA Corporation\PhysX\Common;C:\Program Files\NVIDIA Corporation\NVIDIA NvDLISR;C:\Program Files\PuTTY\;C:\WINDOWS\system32;C:\WINDOWS;C:\WINDOWS\System32\Wbem;C:\WINDOWS\System32\WindowsPowerShell\v1.0\;C:\WINDOWS\System32\OpenSSH\;C:\Program Files\nodejs\;C:\Program Files\dotnet\;C:\Program Files\Git\cmd;C:\Program Files\Microsoft VS Code\bin;C:\Program Files\Microsoft SQL Server\130\Tools\Binn\;C:\Program Files\Microsoft SQL Server\Client SDK\ODBC\170\Tools\Binn\;C:\Program Files\Docker\Docker\resources\bin;C:\ProgramData\DockerDesktop\version-bin;C:\Program Files (x86)\Microsoft Visual Studio\2019\Community\VC\Tools\Llvm\x64\bin;C:\Users\jimmy\.cargo\bin;C:\Users\jimmy\go\bin;C:\Users\jimmy\scoop\shims;C:\Users\jimmy\AppData\Local\Microsoft\WindowsApps;C:\Users\jimmy\AppData\Roaming\npm;C:\Users\jimmy\.dotnet\tools;C:\Users\jimmy\AppData\Local\Programs\Fiddler;C:\Users\jimmy\.dotnet\tools;c:\dapr
# environment
COMPUTERNAME = DESKTOP-8RO0NCS
# default
MAKEFILES := 
# automatic
^F = $(notdir $^)
# environment
PROMPT = $P$G
# environment
GOROOT = C:\Users\jimmy\scoop\apps\go\current
# environment
LOGONSERVER = \\DESKTOP-8RO0NCS
# environment
VSCODE_LOG_NATIVE = false
# environment
USERNAME = jimmy
# environment
COMMONPROGRAMFILES = C:\Program Files\Common Files
# automatic
?F = $(notdir $?)
# environment
PROGRAMW6432 = C:\Program Files
# environment
PATHEXT = .COM;.EXE;.BAT;.CMD;.VBS;.VBE;.JS;.JSE;.WSF;.WSH;.MSC;.PY;.PYW
# automatic
+F = $(notdir $+)
# environment
ORIGINAL_XDG_CURRENT_DESKTOP = undefined
# makefile (from 'makefile', line 30)
OBJECTS = $(patsubst src/%.c, build/%.o, $(SOURCES))
# environment
USERDOMAIN = DESKTOP-8RO0NCS
# 'override' directive
GNUMAKEFLAGS := 
# environment
OS = Windows_NT
# makefile (from 'makefile', line 27)
WASM_OPT_FLAGS = -Oz --zero-filled-memory --strip-producers
# makefile
.DEFAULT_GOAL := all
# default
MAKE_VERSION := 4.3
# environment
PROGRAMFILES(X86) = C:\Program Files (x86)
# makefile (from 'makefile', line 21)
LDFLAGS = --no-entry --import-memory --initial-memory=65536 --max-memory=65536 --global-base=6560 -zstack-size=1024 --export-all --no-gc-sections
# environment
USERDOMAIN_ROAMINGPROFILE = DESKTOP-8RO0NCS
# environment
NUMBER_OF_PROCESSORS = 16
# environment
PUBLIC = C:\Users\Public
# environment
APPDATA = C:\Users\jimmy\AppData\Roaming
# makefile (from 'makefile', line 12)
CFLAGS = -std=c99 -nostdlib --target=wasm32 -W -Wall -Wextra -Werror -Wno-unused -MMD -MP -DDEBUG -O0 -g
# environment
HOMEDRIVE = C:
# environment
PROCESSOR_ARCHITECTURE = AMD64
# environment
VSCODE_AMD_ENTRYPOINT = vs/workbench/services/extensions/node/extensionHostProcess
# environment
COMMONPROGRAMFILES(X86) = C:\Program Files (x86)\Common Files
# environment
ELECTRON_RUN_AS_NODE = 1
# environment
TEMP = C:\Users\jimmy\AppData\Local\Temp
# environment
VSCODE_IPC_HOOK = \\.\pipe\aff898ef38ccbcd719ed09a64d7178b4-1.59.1-main-sock
# default
.RECIPEPREFIX := 
# automatic
<F = $(notdir $<)
# makefile (from 'makefile', line 31)
DEPS = $(OBJECTS:.o=.d)
# default
SUFFIXES := 
# environment
ALLUSERSPROFILE = C:\ProgramData
# makefile (from 'makefile', line 3)
LD = wasm-ld
# environment
SESSIONNAME = Console
# makefile (from 'makefile', line 7)
DEBUG = 1
# default
.FEATURES := target-specific order-only second-expansion else-if shortest-stem undefine oneshell nocomment grouped-target extra-prereqs archives jobserver output-sync load
# environment
PROCESSOR_REVISION = 7100
# makefile (from 'makefile', line 2)
CC = clang
# makefile (from 'makefile', line 29)
SOURCES = $(wildcard src/*.c)
# environment
PROCESSOR_IDENTIFIER = AMD64 Family 23 Model 113 Stepping 0, AuthenticAMD
# variable set hash-table stats:
# Load=105/1024=10%, Rehash=0, Collisions=9/148=6%

# Pattern-specific Variable Values

# No pattern-specific variable values.

# Directories

# . (key c:/Users/jimmy/source/repos/LakeShooter, mtime 1630415805): 6 files, no impossibilities.
# src (key c:/Users/jimmy/source/repos/LakeShooter/src, mtime 1630414906): 4 files, no impossibilities.

# 10 files, no impossibilities in 2 directories.

# Implicit Rules

build/%.o: src/%.c
#  recipe to execute (from 'makefile', line 48):
	@if not exist build (mkdir build)
	$(CC) -c $< -o $@ $(CFLAGS)

# 1 implicit rules, 0 (0.0%) terminal.
# Files

build/main.o: src/main.c
#  Implicit rule search has been done.
#  Implicit/static pattern stem: 'main'
#  File does not exist.
#  File has been updated.
#  Needs to be updated (-q is set).
# automatic
# @ := build/main.o
# automatic
# * := main
# automatic
# < := src/main.c
# automatic
# + := src/main.c
# automatic
# % := 
# automatic
# ^ := src/main.c
# automatic
# ? := src/main.c
# automatic
# | := 
# variable set hash-table stats:
# Load=8/32=25%, Rehash=0, Collisions=2/15=13%
#  recipe to execute (from 'makefile', line 48):
	@if not exist build (mkdir build)
	$(CC) -c $< -o $@ $(CFLAGS)

all: build/cart.wasm
#  Command line target.
#  Implicit rule search has been done.
#  File does not exist.
#  File has been updated.
#  Needs to be updated (-q is set).
# variable set hash-table stats:
# Load=0/32=0%, Rehash=0, Collisions=0/5=0%

.PHONY: clean
#  Implicit rule search has not been done.
#  Modification time never checked.
#  File has not been updated.

# Not a target:
.DEFAULT:
#  Implicit rule search has not been done.
#  Modification time never checked.
#  File has not been updated.

# Not a target:
Makefile:
#  Implicit rule search has been done.
#  Last modified 2021-09-01 10:07:04
#  File has been updated.
#  Successfully updated.

# Not a target:
src/main.c:
#  Implicit rule search has been done.
#  Last modified 2021-09-01 09:56:09
#  File has been updated.
#  Successfully updated.

clean:
#  Phony target (prerequisite of .PHONY).
#  Implicit rule search has not been done.
#  File does not exist.
#  File has not been updated.
#  recipe to execute (from 'makefile', line 53):
	rm -rf build

# Not a target:
build/main.d:
#  Implicit rule search has been done.
#  File does not exist.
#  File has been updated.
#  Failed to be updated.

build/cart.wasm: build/main.o
#  Implicit rule search has not been done.
#  Last modified 2021-09-01 09:38:37
#  File has been updated.
#  Needs to be updated (-q is set).
# variable set hash-table stats:
# Load=0/32=0%, Rehash=0, Collisions=0/5=0%
#  recipe to execute (from 'makefile', line 37):
	$(LD) -o $@ $(OBJECTS) $(LDFLAGS)

# files hash-table stats:
# Load=10/1024=1%, Rehash=0, Collisions=0/30=0%
# VPATH Search Paths

# No 'vpath' search paths.

# No general ('VPATH' variable) search path.

# strcache buffers: 1 (0) / strings = 20 / storage = 159 B / avg = 7 B
# current buf: size = 8162 B / used = 159 B / count = 20 / avg = 7 B

# strcache performance: lookups = 35 / hit rate = 42%
# hash-table stats:
# Load=20/8192=0%, Rehash=0, Collisions=2/35=6%
# Finished Make data base on Wed Sep 01 10:07:04 2021

 
